mode: set
github.com/myorg/myapp/cmd/server/main.go:15.13,20.2 5 1
github.com/myorg/myapp/cmd/server/main.go:22.32,30.2 8 1
github.com/myorg/myapp/cmd/server/main.go:32.29,40.2 8 0
github.com/myorg/myapp/internal/auth/jwt.go:10.40,18.2 8 1
github.com/myorg/myapp/internal/auth/jwt.go:20.42,28.2 8 1
github.com/myorg/myapp/internal/auth/jwt.go:30.39,38.2 8 1
github.com/myorg/myapp/internal/auth/jwt.go:40.35,48.2 8 0
github.com/myorg/myapp/internal/auth/jwt.go:50.41,55.2 5 1
github.com/myorg/myapp/internal/auth/middleware.go:8.48,15.2 7 1
github.com/myorg/myapp/internal/auth/middleware.go:17.44,25.2 8 1
github.com/myorg/myapp/internal/auth/middleware.go:27.47,35.2 8 1
github.com/myorg/myapp/internal/auth/middleware.go:37.40,42.2 5 0
github.com/myorg/myapp/internal/db/postgres.go:12.34,20.2 8 1
github.com/myorg/myapp/internal/db/postgres.go:22.38,35.2 13 1
github.com/myorg/myapp/internal/db/postgres.go:37.41,50.2 13 1
github.com/myorg/myapp/internal/db/postgres.go:52.36,58.2 6 0
github.com/myorg/myapp/internal/db/postgres.go:60.37,68.2 8 0
github.com/myorg/myapp/internal/handler/user.go:10.45,20.2 10 1
github.com/myorg/myapp/internal/handler/user.go:22.47,32.2 10 1
github.com/myorg/myapp/internal/handler/user.go:34.50,44.2 10 1
github.com/myorg/myapp/internal/handler/user.go:46.50,56.2 10 0
github.com/myorg/myapp/internal/handler/user.go:58.47,68.2 10 0
github.com/myorg/myapp/internal/handler/health.go:5.38,10.2 5 1
github.com/myorg/myapp/internal/handler/health.go:12.40,18.2 6 1
github.com/myorg/myapp/internal/model/user.go:8.30,12.2 4 1
github.com/myorg/myapp/internal/model/user.go:14.35,20.2 6 1
github.com/myorg/myapp/internal/model/user.go:22.33,28.2 6 1
github.com/myorg/myapp/internal/model/user.go:30.28,35.2 5 1
github.com/myorg/myapp/pkg/config/config.go:10.28,20.2 10 1
github.com/myorg/myapp/pkg/config/config.go:22.30,28.2 6 1
github.com/myorg/myapp/pkg/config/config.go:30.35,40.2 10 1
github.com/myorg/myapp/pkg/config/config.go:42.32,50.2 8 0
